0 info it worked if it ends with ok
1 verbose cli [ '/home/noah/.nvm/versions/node/v7.5.0/bin/node',
1 verbose cli   '/home/noah/.nvm/versions/node/v7.5.0/bin/npm',
1 verbose cli   'run',
1 verbose cli   'fresh' ]
2 info using npm@4.1.2
3 info using node@v7.5.0
4 verbose run-script [ 'prefresh', 'fresh', 'postfresh' ]
5 info lifecycle Astronomical@~prefresh: Astronomical@
6 silly lifecycle Astronomical@~prefresh: no script for prefresh, continuing
7 info lifecycle Astronomical@~fresh: Astronomical@
8 verbose lifecycle Astronomical@~fresh: unsafe-perm in lifecycle true
9 verbose lifecycle Astronomical@~fresh: PATH: /home/noah/.nvm/versions/node/v7.5.0/lib/node_modules/npm/bin/node-gyp-bin:/home/noah/Downloads/CloudComics/node_modules/.bin:/home/noah/.nvm/versions/node/v7.5.0/bin:/home/noah/bin:/home/noah/.local/bin:/usr/local/bin:/usr/bin:/bin:/usr/local/games:/usr/games:/home/noah/.rvm/bin:/home/noah/.rvm/bin:/home/noah/meteor/
10 verbose lifecycle Astronomical@~fresh: CWD: /home/noah/Downloads/CloudComics
11 silly lifecycle Astronomical@~fresh: Args: [ '-c', 'meteor reset && meteor --settings settings.json' ]
12 silly lifecycle Astronomical@~fresh: Returned: code: 134  signal: null
13 info lifecycle Astronomical@~fresh: Failed to exec fresh script
14 verbose stack Error: Astronomical@ fresh: `meteor reset && meteor --settings settings.json`
14 verbose stack Exit status 134
14 verbose stack     at EventEmitter.<anonymous> (/home/noah/.nvm/versions/node/v7.5.0/lib/node_modules/npm/lib/utils/lifecycle.js:279:16)
14 verbose stack     at emitTwo (events.js:106:13)
14 verbose stack     at EventEmitter.emit (events.js:192:7)
14 verbose stack     at ChildProcess.<anonymous> (/home/noah/.nvm/versions/node/v7.5.0/lib/node_modules/npm/lib/utils/spawn.js:40:14)
14 verbose stack     at emitTwo (events.js:106:13)
14 verbose stack     at ChildProcess.emit (events.js:192:7)
14 verbose stack     at maybeClose (internal/child_process.js:890:16)
14 verbose stack     at Process.ChildProcess._handle.onexit (internal/child_process.js:226:5)
15 verbose pkgid Astronomical@
16 verbose cwd /home/noah/Downloads/CloudComics
17 error Linux 3.10.18
18 error argv "/home/noah/.nvm/versions/node/v7.5.0/bin/node" "/home/noah/.nvm/versions/node/v7.5.0/bin/npm" "run" "fresh"
19 error node v7.5.0
20 error npm  v4.1.2
21 error code ELIFECYCLE
22 error Astronomical@ fresh: `meteor reset && meteor --settings settings.json`
22 error Exit status 134
23 error Failed at the Astronomical@ fresh script 'meteor reset && meteor --settings settings.json'.
23 error Make sure you have the latest version of node.js and npm installed.
23 error If you do, this is most likely a problem with the Astronomical package,
23 error not with npm itself.
23 error Tell the author that this fails on your system:
23 error     meteor reset && meteor --settings settings.json
23 error You can get information on how to open an issue for this project with:
23 error     npm bugs Astronomical
23 error Or if that isn't available, you can get their info via:
23 error     npm owner ls Astronomical
23 error There is likely additional logging output above.
24 verbose exit [ 1, true ]
